TN:
SF:/home/drew/sync/drawnepicenter/iloa/src/iloa.js
FNF:0
FNH:0
DA:3,20
DA:4,20
DA:5,20
DA:12,20
DA:13,20
LF:5
LH:5
BRF:0
BRH:0
end_of_record
TN:
SF:/home/drew/sync/drawnepicenter/iloa/src/themes.js
FN:29,(anonymous_0)
FN:48,(anonymous_1)
FN:60,(anonymous_2)
FN:76,(anonymous_3)
FNF:4
FNH:4
FNDA:23,(anonymous_0)
FNDA:2,(anonymous_1)
FNDA:6,(anonymous_2)
FNDA:741,(anonymous_3)
DA:2,21
DA:3,21
DA:4,21
DA:5,21
DA:6,21
DA:8,21
DA:9,21
DA:10,21
DA:11,21
DA:12,21
DA:14,0
DA:16,21
DA:29,21
DA:30,23
DA:31,23
DA:32,23
DA:33,23
DA:34,23
DA:36,0
DA:38,23
DA:39,23
DA:40,23
DA:48,21
DA:49,2
DA:50,2
DA:51,2
DA:52,2
DA:53,2
DA:54,2
DA:56,0
DA:58,2
DA:59,2
DA:60,2
DA:61,6
DA:62,6
DA:64,2
DA:76,21
DA:77,741
DA:78,741
DA:79,741
DA:80,741
DA:81,741
DA:82,741
DA:83,741
DA:84,713
DA:85,28
DA:86,27
DA:87,1
DA:88,740
DA:89,740
LF:50
LH:47
BRDA:14,0,0,0
BRDA:14,0,1,0
BRDA:16,1,0,21
BRDA:16,1,1,0
BRDA:36,2,0,0
BRDA:36,2,1,0
BRDA:38,3,0,0
BRDA:38,3,1,23
BRDA:56,4,0,0
BRDA:56,4,1,0
BRDA:58,5,0,0
BRDA:58,5,1,2
BRDA:83,6,0,713
BRDA:83,6,1,28
BRDA:84,7,0,677
BRDA:84,7,1,36
BRDA:84,8,0,713
BRDA:84,8,1,713
BRDA:85,9,0,27
BRDA:85,9,1,1
BRDA:86,10,0,5
BRDA:86,10,1,22
BRDA:86,11,0,27
BRDA:86,11,1,27
BRF:24
BRH:15
end_of_record
TN:
SF:/home/drew/sync/drawnepicenter/iloa/src/tools.js
FN:22,(anonymous_0)
FN:46,(anonymous_1)
FN:84,checkOutfile
FN:101,(anonymous_3)
FN:113,(anonymous_4)
FN:124,(anonymous_5)
FN:139,(anonymous_6)
FN:151,(anonymous_7)
FN:160,(anonymous_8)
FN:172,(anonymous_9)
FNF:10
FNH:8
FNDA:3,(anonymous_0)
FNDA:3,(anonymous_1)
FNDA:15,checkOutfile
FNDA:3,(anonymous_3)
FNDA:0,(anonymous_4)
FNDA:16,(anonymous_5)
FNDA:13,(anonymous_6)
FNDA:0,(anonymous_7)
FNDA:112,(anonymous_8)
FNDA:16,(anonymous_9)
DA:2,21
DA:3,21
DA:4,21
DA:5,21
DA:6,21
DA:7,21
DA:8,21
DA:10,21
DA:22,21
DA:23,3
DA:24,3
DA:25,3
DA:26,3
DA:27,3
DA:28,3
DA:29,2
DA:30,1
DA:31,1
DA:32,1
DA:33,1
DA:34,1
DA:36,3
DA:37,3
DA:38,3
DA:46,21
DA:47,3
DA:48,3
DA:49,3
DA:50,3
DA:51,3
DA:52,3
DA:53,3
DA:54,3
DA:55,3
DA:56,3
DA:57,1
DA:58,2
DA:59,2
DA:60,2
DA:61,2
DA:62,2
DA:64,3
DA:65,1
DA:66,2
DA:67,2
DA:68,2
DA:69,2
DA:70,2
DA:72,3
DA:73,3
DA:74,3
DA:75,3
DA:85,15
DA:86,15
DA:87,15
DA:88,2
DA:90,13
DA:92,15
DA:101,21
DA:102,3
DA:103,3
DA:104,3
DA:105,3
DA:113,21
DA:114,0
DA:115,0
DA:116,0
DA:124,21
DA:125,16
DA:126,16
DA:128,1
DA:130,15
DA:139,21
DA:140,13
DA:141,13
DA:142,13
DA:151,21
DA:160,21
DA:161,112
DA:162,112
DA:172,21
DA:173,16
DA:174,16
DA:175,16
DA:176,16
DA:177,2
DA:178,1
DA:179,0
DA:180,0
DA:181,0
DA:182,0
DA:183,0
DA:184,1
DA:186,1
DA:187,1
DA:188,1
DA:189,1
DA:190,1
DA:192,14
DA:193,13
DA:194,1
DA:195,0
DA:196,0
DA:197,1
DA:199,12
DA:200,12
DA:202,1
LF:107
LH:97
BRDA:28,0,0,2
BRDA:28,0,1,1
BRDA:30,1,0,1
BRDA:30,1,1,0
BRDA:36,2,0,0
BRDA:36,2,1,3
BRDA:56,3,0,1
BRDA:56,3,1,2
BRDA:58,4,0,2
BRDA:58,4,1,0
BRDA:64,5,0,1
BRDA:64,5,1,2
BRDA:66,6,0,2
BRDA:66,6,1,0
BRDA:72,7,0,0
BRDA:72,7,1,3
BRDA:73,8,0,0
BRDA:73,8,1,3
BRDA:90,9,0,13
BRDA:90,9,1,0
BRDA:103,10,0,1
BRDA:103,10,1,2
BRDA:104,11,0,2
BRDA:104,11,1,1
BRDA:115,12,0,0
BRDA:115,12,1,0
BRDA:128,13,0,1
BRDA:128,13,1,0
BRDA:141,14,0,12
BRDA:141,14,1,1
BRDA:141,15,0,13
BRDA:141,15,1,12
BRDA:141,15,2,12
BRDA:176,16,0,2
BRDA:176,16,1,14
BRDA:177,17,0,1
BRDA:177,17,1,1
BRDA:178,18,0,0
BRDA:178,18,1,1
BRDA:192,19,0,13
BRDA:192,19,1,1
BRDA:192,20,0,14
BRDA:192,20,1,14
BRDA:192,20,2,1
BRDA:192,20,3,1
BRDA:192,20,4,1
BRDA:192,20,5,1
BRDA:193,21,0,1
BRDA:193,21,1,12
BRDA:194,22,0,0
BRDA:194,22,1,1
BRDA:202,23,0,1
BRDA:202,23,1,0
BRDA:202,24,0,1
BRDA:202,24,1,0
BRDA:202,24,2,0
BRDA:202,24,3,0
BRDA:202,24,4,0
BRDA:202,24,5,0
BRDA:202,24,6,0
BRF:60
BRH:41
end_of_record
TN:
SF:/home/drew/sync/drawnepicenter/iloa/src/cmds/comp.js
FN:6,(anonymous_0)
FNF:1
FNH:1
FNDA:1,(anonymous_0)
DA:2,20
DA:3,20
DA:4,20
DA:5,20
DA:6,20
DA:7,1
LF:6
LH:6
BRF:0
BRH:0
end_of_record
TN:
SF:/home/drew/sync/drawnepicenter/iloa/src/cmds/config.js
FN:4,(anonymous_0)
FN:5,(anonymous_1)
FNF:2
FNH:2
FNDA:4,(anonymous_0)
FNDA:4,(anonymous_1)
DA:2,20
DA:3,20
DA:4,20
DA:5,20
LF:4
LH:4
BRF:0
BRH:0
end_of_record
TN:
SF:/home/drew/sync/drawnepicenter/iloa/src/cmds/ddg.js
FN:27,(anonymous_0)
FN:35,(anonymous_1)
FN:52,(anonymous_2)
FNF:3
FNH:2
FNDA:1,(anonymous_0)
FNDA:0,(anonymous_1)
FNDA:1,(anonymous_2)
DA:2,20
DA:3,20
DA:5,20
DA:6,20
DA:7,20
DA:9,20
DA:11,20
DA:12,20
DA:13,20
DA:27,20
DA:28,1
DA:29,1
DA:30,1
DA:31,1
DA:32,1
DA:33,1
DA:34,1
DA:35,0
DA:36,0
DA:39,1
DA:40,1
DA:41,0
DA:43,1
DA:45,1
DA:46,1
DA:47,1
DA:52,1
DA:53,1
DA:54,1
DA:77,1
DA:78,1
DA:79,0
DA:80,0
DA:81,0
DA:83,1
DA:84,0
DA:85,0
DA:87,1
DA:88,0
DA:89,0
DA:91,1
DA:92,1
DA:93,1
DA:94,1
DA:95,1
DA:96,1
DA:97,0
DA:98,1
DA:99,1
DA:100,0
DA:101,0
DA:102,0
DA:104,1
DA:105,0
DA:106,0
DA:107,0
DA:108,0
DA:110,1
DA:111,0
DA:112,0
DA:113,0
DA:115,1
DA:116,1
DA:117,1
DA:118,1
DA:119,1
DA:120,1
DA:121,1
DA:122,1
DA:123,1
DA:124,0
DA:125,0
DA:126,0
DA:127,0
DA:128,0
DA:129,0
DA:132,1
DA:133,1
DA:134,1
DA:135,1
DA:136,1
DA:138,1
DA:139,0
DA:140,0
DA:141,0
DA:142,0
DA:143,0
DA:144,0
DA:146,1
DA:147,1
DA:148,1
DA:150,1
DA:151,1
DA:152,1
DA:153,1
DA:154,1
DA:155,8
DA:156,8
DA:157,8
DA:158,0
DA:159,0
DA:162,1
DA:163,1
DA:164,1
DA:165,8
DA:166,8
DA:167,8
DA:168,8
DA:171,1
DA:172,1
DA:173,0
DA:174,0
DA:175,0
DA:176,0
DA:177,0
DA:178,0
DA:179,0
DA:180,0
DA:181,0
DA:186,1
DA:188,0
LF:121
LH:76
BRDA:31,0,0,1
BRDA:31,0,1,0
BRDA:34,1,0,0
BRDA:34,1,1,1
BRDA:36,2,0,0
BRDA:36,2,1,0
BRDA:40,3,0,0
BRDA:40,3,1,1
BRDA:53,4,0,1
BRDA:53,4,1,0
BRDA:53,5,0,1
BRDA:53,5,1,1
BRDA:78,6,0,0
BRDA:78,6,1,1
BRDA:78,7,0,1
BRDA:78,7,1,0
BRDA:78,7,2,0
BRDA:83,8,0,0
BRDA:83,8,1,1
BRDA:87,9,0,0
BRDA:87,9,1,1
BRDA:87,10,0,1
BRDA:87,10,1,0
BRDA:92,11,0,1
BRDA:92,11,1,0
BRDA:93,12,0,1
BRDA:93,12,1,0
BRDA:94,13,0,0
BRDA:94,13,1,1
BRDA:95,14,0,0
BRDA:95,14,1,1
BRDA:96,15,0,0
BRDA:96,15,1,1
BRDA:99,16,0,0
BRDA:99,16,1,1
BRDA:104,17,0,0
BRDA:104,17,1,1
BRDA:110,18,0,0
BRDA:110,18,1,1
BRDA:110,19,0,1
BRDA:110,19,1,1
BRDA:115,20,0,1
BRDA:115,20,1,0
BRDA:117,21,0,1
BRDA:117,21,1,0
BRDA:123,22,0,0
BRDA:123,22,1,1
BRDA:138,23,0,0
BRDA:138,23,1,1
BRDA:138,24,0,1
BRDA:138,24,1,1
BRDA:146,25,0,1
BRDA:146,25,1,0
BRDA:150,26,0,1
BRDA:150,26,1,0
BRDA:156,27,0,8
BRDA:156,27,1,0
BRDA:158,28,0,0
BRDA:158,28,1,0
BRDA:162,29,0,1
BRDA:162,29,1,0
BRDA:171,30,0,1
BRDA:171,30,1,0
BRDA:186,31,0,1
BRDA:186,31,1,0
BRF:65
BRH:33
end_of_record
TN:
SF:/home/drew/sync/drawnepicenter/iloa/src/cmds/eol.js
FN:4,(anonymous_0)
FN:5,(anonymous_1)
FNF:2
FNH:2
FNDA:8,(anonymous_0)
FNDA:8,(anonymous_1)
DA:2,20
DA:3,20
DA:4,20
DA:5,20
LF:4
LH:4
BRF:0
BRH:0
end_of_record
TN:
SF:/home/drew/sync/drawnepicenter/iloa/src/cmds/ls.js
FN:11,(anonymous_0)
FN:13,(anonymous_1)
FNF:2
FNH:2
FNDA:1,(anonymous_0)
FNDA:3,(anonymous_1)
DA:2,20
DA:4,20
DA:6,20
DA:8,20
DA:9,20
DA:10,20
DA:11,20
DA:12,1
DA:13,1
DA:14,3
DA:15,3
DA:16,3
LF:12
LH:12
BRF:0
BRH:0
end_of_record
TN:
SF:/home/drew/sync/drawnepicenter/iloa/src/cmds/wa.js
FN:157,(anonymous_0)
FN:203,(anonymous_1)
FN:235,(anonymous_2)
FN:240,(anonymous_3)
FNF:4
FNH:3
FNDA:1,(anonymous_0)
FNDA:0,(anonymous_1)
FNDA:1,(anonymous_2)
FNDA:1,(anonymous_3)
DA:2,20
DA:3,20
DA:5,20
DA:6,20
DA:7,20
DA:13,20
DA:14,20
DA:15,20
DA:17,20
DA:19,20
DA:20,20
DA:21,20
DA:157,20
DA:158,1
DA:159,1
DA:160,1
DA:161,1
DA:162,1
DA:163,1
DA:164,1
DA:165,1
DA:166,1
DA:167,1
DA:168,1
DA:169,1
DA:170,1
DA:171,1
DA:195,1
DA:196,1
DA:197,1
DA:198,1
DA:199,1
DA:200,1
DA:201,1
DA:202,1
DA:203,0
DA:204,0
DA:207,1
DA:208,1
DA:209,1
DA:210,1
DA:211,1
DA:212,1
DA:213,1
DA:214,1
DA:215,1
DA:216,1
DA:217,1
DA:218,1
DA:219,1
DA:220,1
DA:221,1
DA:222,1
DA:223,1
DA:224,1
DA:225,1
DA:226,1
DA:227,1
DA:228,1
DA:229,1
DA:230,1
DA:231,1
DA:235,1
DA:236,1
DA:237,1
DA:238,1
DA:239,1
DA:240,1
DA:241,1
DA:242,1
DA:243,1
DA:244,1
DA:245,1
DA:247,1
DA:248,1
DA:250,0
DA:253,0
LF:77
LH:73
BRDA:170,0,0,1
BRDA:170,0,1,0
BRDA:195,1,0,1
BRDA:195,1,1,0
BRDA:196,2,0,0
BRDA:196,2,1,1
BRDA:196,3,0,1
BRDA:196,3,1,0
BRDA:197,4,0,0
BRDA:197,4,1,1
BRDA:197,5,0,1
BRDA:197,5,1,0
BRDA:199,6,0,1
BRDA:199,6,1,0
BRDA:202,7,0,0
BRDA:202,7,1,1
BRDA:204,8,0,0
BRDA:204,8,1,0
BRDA:208,9,0,0
BRDA:208,9,1,1
BRDA:236,10,0,1
BRDA:236,10,1,0
BRDA:236,11,0,1
BRDA:236,11,1,1
BRDA:237,12,0,0
BRDA:237,12,1,1
BRDA:237,13,0,1
BRDA:237,13,1,1
BRDA:245,14,0,1
BRDA:245,14,1,0
BRDA:247,15,0,1
BRDA:247,15,1,0
BRDA:248,16,0,1
BRDA:248,16,1,0
BRDA:248,17,0,0
BRDA:248,17,1,1
BRF:36
BRH:19
end_of_record
TN:
SF:/home/drew/sync/drawnepicenter/iloa/src/cmds/wp.js
FN:39,(anonymous_0)
FN:55,(anonymous_1)
FN:74,(anonymous_2)
FNF:3
FNH:2
FNDA:1,(anonymous_0)
FNDA:0,(anonymous_1)
FNDA:1,(anonymous_2)
DA:2,20
DA:3,20
DA:5,20
DA:6,20
DA:7,20
DA:8,20
DA:15,20
DA:17,20
DA:18,20
DA:19,20
DA:39,20
DA:40,1
DA:41,1
DA:42,1
DA:47,1
DA:48,1
DA:49,1
DA:50,1
DA:51,1
DA:52,1
DA:53,1
DA:54,1
DA:55,0
DA:56,0
DA:59,1
DA:60,1
DA:61,0
DA:63,1
DA:65,1
DA:66,1
DA:67,1
DA:68,1
DA:69,1
DA:74,1
DA:75,1
DA:76,1
DA:77,1
DA:78,0
DA:79,0
DA:80,0
DA:81,0
DA:83,0
DA:84,0
DA:87,1
DA:88,1
DA:89,1
DA:90,1
DA:91,1
DA:92,1
DA:93,1
DA:95,0
LF:51
LH:41
BRDA:47,0,0,1
BRDA:47,0,1,0
BRDA:48,1,0,0
BRDA:48,1,1,1
BRDA:48,2,0,1
BRDA:48,2,1,0
BRDA:49,3,0,0
BRDA:49,3,1,1
BRDA:49,4,0,1
BRDA:49,4,1,0
BRDA:51,5,0,1
BRDA:51,5,1,0
BRDA:54,6,0,0
BRDA:54,6,1,1
BRDA:56,7,0,0
BRDA:56,7,1,0
BRDA:60,8,0,0
BRDA:60,8,1,1
BRDA:66,9,0,1
BRDA:66,9,1,0
BRDA:75,10,0,1
BRDA:75,10,1,0
BRDA:75,11,0,1
BRDA:75,11,1,1
BRDA:77,12,0,0
BRDA:77,12,1,1
BRDA:78,13,0,0
BRDA:78,13,1,0
BRDA:93,14,0,1
BRDA:93,14,1,0
BRF:30
BRH:14
end_of_record
TN:
SF:/home/drew/sync/drawnepicenter/iloa/src/cmds/wu.js
FN:66,(anonymous_0)
FN:109,(anonymous_1)
FNF:2
FNH:2
FNDA:1,(anonymous_0)
FNDA:1,(anonymous_1)
DA:2,20
DA:3,20
DA:5,20
DA:6,20
DA:7,20
DA:8,20
DA:12,20
DA:14,20
DA:15,20
DA:16,20
DA:66,20
DA:67,1
DA:68,1
DA:69,1
DA:70,1
DA:71,1
DA:72,1
DA:73,1
DA:74,1
DA:75,1
DA:76,1
DA:77,1
DA:78,1
DA:79,1
DA:80,1
DA:81,1
DA:82,1
DA:83,1
DA:84,1
DA:85,1
DA:86,1
DA:93,1
DA:94,1
DA:95,1
DA:96,1
DA:97,1
DA:98,1
DA:99,1
DA:100,1
DA:101,1
DA:102,1
DA:103,1
DA:104,1
DA:105,1
DA:109,1
DA:110,1
DA:111,1
DA:112,1
DA:113,1
DA:114,1
DA:115,1
DA:116,1
DA:117,1
DA:118,1
DA:119,1
DA:120,1
DA:121,1
DA:122,1
DA:123,1
DA:124,1
DA:125,1
DA:126,1
DA:129,0
DA:132,0
DA:133,0
DA:134,0
LF:66
LH:62
BRDA:84,0,0,1
BRDA:84,0,1,0
BRDA:84,1,0,1
BRDA:84,1,1,1
BRDA:93,2,0,1
BRDA:93,2,1,0
BRDA:94,3,0,0
BRDA:94,3,1,1
BRDA:94,4,0,1
BRDA:94,4,1,0
BRDA:95,5,0,0
BRDA:95,5,1,1
BRDA:95,6,0,1
BRDA:95,6,1,0
BRDA:97,7,0,1
BRDA:97,7,1,0
BRDA:100,8,0,1
BRDA:100,8,1,0
BRDA:101,9,0,1
BRDA:101,9,1,0
BRDA:110,10,0,1
BRDA:110,10,1,0
BRDA:110,11,0,1
BRDA:110,11,1,1
BRDA:112,12,0,0
BRDA:112,12,1,1
BRDA:114,13,0,1
BRDA:114,13,1,0
BRDA:115,14,0,1
BRDA:115,14,1,0
BRDA:116,15,0,1
BRDA:116,15,1,0
BRDA:117,16,0,1
BRDA:117,16,1,0
BRDA:118,17,0,1
BRDA:118,17,1,0
BRDA:118,18,0,1
BRDA:118,18,1,0
BRDA:119,19,0,1
BRDA:119,19,1,0
BRDA:120,20,0,1
BRDA:120,20,1,0
BRDA:120,21,0,1
BRDA:120,21,1,0
BRDA:121,22,0,1
BRDA:121,22,1,0
BRDA:122,23,0,1
BRDA:122,23,1,0
BRDA:123,24,0,0
BRDA:123,24,1,1
BRDA:124,25,0,1
BRDA:124,25,1,0
BRDA:125,26,0,1
BRDA:125,26,1,0
BRDA:126,27,0,1
BRDA:126,27,1,0
BRDA:132,28,0,0
BRDA:132,28,1,0
BRDA:134,29,0,0
BRDA:134,29,1,0
BRF:60
BRH:30
end_of_record
TN:
SF:/home/drew/sync/drawnepicenter/iloa/src/cmds/config/get.js
FN:13,(anonymous_0)
FNF:1
FNH:1
FNDA:1,(anonymous_0)
DA:1,4
DA:2,4
DA:4,4
DA:5,4
DA:6,4
DA:8,4
DA:10,4
DA:11,4
DA:12,4
DA:13,4
DA:14,1
DA:15,1
DA:16,1
DA:17,1
DA:18,1
DA:19,1
DA:20,1
DA:21,1
DA:23,0
DA:25,1
LF:20
LH:19
BRDA:19,0,0,1
BRDA:19,0,1,0
BRDA:20,1,0,1
BRDA:20,1,1,0
BRDA:21,2,0,1
BRDA:21,2,1,0
BRF:6
BRH:3
end_of_record
TN:
SF:/home/drew/sync/drawnepicenter/iloa/src/cmds/config/init.js
FN:20,(anonymous_0)
FNF:1
FNH:1
FNDA:2,(anonymous_0)
DA:1,4
DA:3,4
DA:4,4
DA:5,4
DA:7,4
DA:8,4
DA:10,4
DA:11,4
DA:12,4
DA:20,4
DA:21,2
DA:22,2
DA:23,2
DA:24,2
DA:25,2
DA:26,2
DA:28,0
DA:30,2
DA:31,2
DA:33,0
DA:34,0
DA:35,0
DA:37,0
DA:38,0
DA:41,0
DA:42,0
DA:44,0
DA:47,2
DA:48,2
DA:49,2
DA:50,2
DA:51,2
DA:52,2
DA:53,1
DA:55,1
DA:56,1
DA:59,2
DA:60,1
DA:61,1
DA:62,1
DA:63,1
DA:64,1
DA:65,1
DA:66,1
DA:67,1
DA:68,1
DA:69,1
DA:71,0
DA:73,1
DA:74,1
DA:75,1
DA:77,2
DA:78,2
DA:79,2
DA:80,1
DA:81,1
DA:82,1
DA:89,1
LF:58
LH:48
BRDA:28,0,0,0
BRDA:28,0,1,0
BRDA:30,1,0,2
BRDA:30,1,1,0
BRDA:37,2,0,0
BRDA:37,2,1,0
BRDA:41,3,0,0
BRDA:41,3,1,0
BRDA:55,4,0,1
BRDA:55,4,1,0
BRDA:59,5,0,1
BRDA:59,5,1,1
BRDA:60,6,0,1
BRDA:60,6,1,0
BRDA:73,7,0,1
BRDA:73,7,1,0
BRDA:79,8,0,1
BRDA:79,8,1,1
BRF:18
BRH:8
end_of_record
TN:
SF:/home/drew/sync/drawnepicenter/iloa/src/cmds/config/set.js
FN:13,(anonymous_0)
FNF:1
FNH:1
FNDA:1,(anonymous_0)
DA:1,4
DA:2,4
DA:4,4
DA:5,4
DA:6,4
DA:8,4
DA:10,4
DA:11,4
DA:12,4
DA:13,4
DA:14,1
DA:15,1
DA:16,1
DA:17,1
DA:18,1
DA:19,1
DA:20,1
DA:21,1
DA:22,1
DA:23,1
DA:24,0
DA:26,1
DA:29,0
DA:32,0
DA:34,1
DA:35,1
LF:26
LH:23
BRDA:20,0,0,1
BRDA:20,0,1,0
BRDA:21,1,0,1
BRDA:21,1,1,0
BRDA:22,2,0,1
BRDA:22,2,1,0
BRDA:23,3,0,0
BRDA:23,3,1,1
BRF:8
BRH:4
end_of_record
TN:
SF:/home/drew/sync/drawnepicenter/iloa/src/cmds/eol/collect.js
FN:75,(anonymous_0)
FN:107,(anonymous_1)
FNF:2
FNH:2
FNDA:1,(anonymous_0)
FNDA:1,(anonymous_1)
DA:2,8
DA:3,8
DA:5,8
DA:6,8
DA:7,8
DA:9,8
DA:11,8
DA:12,8
DA:13,8
DA:75,8
DA:76,1
DA:77,1
DA:78,1
DA:87,1
DA:88,1
DA:89,1
DA:90,1
DA:91,1
DA:92,1
DA:93,1
DA:94,1
DA:95,1
DA:96,1
DA:97,1
DA:98,1
DA:99,1
DA:100,1
DA:101,1
DA:102,1
DA:103,1
DA:107,1
DA:108,1
DA:109,1
DA:110,1
DA:111,1
DA:112,1
DA:113,1
DA:114,1
DA:115,1
DA:116,1
DA:117,1
DA:118,1
DA:119,1
DA:120,1
DA:121,1
DA:122,8
DA:123,8
DA:124,8
DA:125,8
DA:127,1
DA:128,1
DA:129,1
DA:130,1
DA:131,1
DA:132,1
DA:133,1
DA:134,1
DA:135,1
DA:136,1
DA:137,1
DA:138,0
DA:139,0
DA:140,0
DA:141,0
DA:142,0
DA:143,0
DA:146,1
DA:148,0
LF:68
LH:61
BRDA:87,0,0,1
BRDA:87,0,1,0
BRDA:88,1,0,0
BRDA:88,1,1,1
BRDA:88,2,0,1
BRDA:88,2,1,0
BRDA:89,3,0,0
BRDA:89,3,1,1
BRDA:89,4,0,1
BRDA:89,4,1,0
BRDA:91,5,0,1
BRDA:91,5,1,0
BRDA:108,6,0,1
BRDA:108,6,1,0
BRDA:108,7,0,1
BRDA:108,7,1,1
BRDA:137,8,0,0
BRDA:137,8,1,1
BRDA:146,9,0,1
BRDA:146,9,1,0
BRF:20
BRH:11
end_of_record
TN:
SF:/home/drew/sync/drawnepicenter/iloa/src/cmds/eol/entry.js
FN:57,(anonymous_0)
FN:83,(anonymous_1)
FNF:2
FNH:2
FNDA:1,(anonymous_0)
FNDA:1,(anonymous_1)
DA:2,8
DA:3,8
DA:5,8
DA:6,8
DA:7,8
DA:9,8
DA:11,8
DA:12,8
DA:13,8
DA:57,8
DA:58,1
DA:59,1
DA:60,1
DA:66,1
DA:67,1
DA:68,1
DA:69,1
DA:70,1
DA:71,1
DA:72,1
DA:73,1
DA:74,1
DA:75,1
DA:76,1
DA:77,1
DA:78,1
DA:79,1
DA:83,1
DA:84,1
DA:85,1
DA:86,1
DA:87,1
DA:88,1
DA:89,1
DA:90,1
DA:91,1
DA:92,1
DA:93,1
DA:94,1
DA:95,1
DA:96,1
DA:97,1
DA:98,1
DA:99,1
DA:100,1
DA:101,1
DA:102,1
DA:103,1
DA:104,0
DA:105,0
DA:106,0
DA:107,0
DA:108,0
DA:110,0
DA:111,0
DA:116,1
DA:117,1
DA:118,1
DA:119,1
DA:120,0
DA:121,0
DA:122,0
DA:123,0
DA:124,0
DA:125,0
DA:126,0
DA:127,0
DA:131,1
DA:132,0
DA:133,0
DA:134,0
DA:135,0
DA:136,0
DA:137,0
DA:138,0
DA:139,0
DA:140,0
DA:141,0
DA:142,0
DA:143,0
DA:144,0
DA:145,0
DA:146,0
DA:147,0
DA:150,1
DA:151,1
DA:152,1
DA:153,1
DA:154,11
DA:155,11
DA:156,11
DA:157,11
DA:158,11
DA:159,11
DA:160,11
DA:161,11
DA:162,11
DA:163,11
DA:164,11
DA:165,11
DA:166,11
DA:167,11
DA:168,11
DA:171,1
DA:172,1
DA:173,1
DA:174,1
DA:175,3
DA:176,3
DA:177,3
DA:178,3
DA:179,3
DA:180,3
DA:181,3
DA:182,3
DA:183,3
DA:184,3
DA:185,3
DA:186,3
DA:187,3
DA:188,3
DA:189,3
DA:192,1
DA:194,0
LF:124
LH:92
BRDA:66,0,0,1
BRDA:66,0,1,0
BRDA:67,1,0,0
BRDA:67,1,1,1
BRDA:67,2,0,1
BRDA:67,2,1,0
BRDA:68,3,0,0
BRDA:68,3,1,1
BRDA:68,4,0,1
BRDA:68,4,1,0
BRDA:70,5,0,1
BRDA:70,5,1,0
BRDA:84,6,0,1
BRDA:84,6,1,0
BRDA:84,7,0,1
BRDA:84,7,1,1
BRDA:100,8,0,1
BRDA:100,8,1,0
BRDA:105,9,0,0
BRDA:105,9,1,0
BRDA:106,10,0,0
BRDA:106,10,1,0
BRDA:116,11,0,1
BRDA:116,11,1,0
BRDA:125,12,0,0
BRDA:125,12,1,0
BRDA:131,13,0,0
BRDA:131,13,1,1
BRDA:150,14,0,1
BRDA:150,14,1,0
BRDA:171,15,0,1
BRDA:171,15,1,0
BRDA:192,16,0,1
BRDA:192,16,1,0
BRF:34
BRH:15
end_of_record
TN:
SF:/home/drew/sync/drawnepicenter/iloa/src/cmds/eol/hier.js
FN:45,(anonymous_0)
FN:69,(anonymous_1)
FNF:2
FNH:2
FNDA:1,(anonymous_0)
FNDA:1,(anonymous_1)
DA:2,8
DA:3,8
DA:5,8
DA:6,8
DA:7,8
DA:9,8
DA:11,8
DA:12,8
DA:13,8
DA:45,8
DA:46,1
DA:47,1
DA:48,1
DA:54,1
DA:55,1
DA:56,1
DA:57,1
DA:58,1
DA:59,1
DA:60,1
DA:61,1
DA:62,1
DA:63,1
DA:64,1
DA:65,1
DA:69,1
DA:70,1
DA:71,1
DA:72,1
DA:73,1
DA:74,1
DA:75,1
DA:76,1
DA:77,1
DA:78,1
DA:79,0
DA:80,0
DA:82,1
DA:83,1
DA:84,1
DA:85,1
DA:86,8
DA:87,8
DA:88,8
DA:89,8
DA:90,8
DA:91,8
DA:92,8
DA:93,8
DA:94,8
DA:95,8
DA:96,8
DA:99,1
DA:101,0
LF:54
LH:51
BRDA:54,0,0,1
BRDA:54,0,1,0
BRDA:55,1,0,0
BRDA:55,1,1,1
BRDA:55,2,0,1
BRDA:55,2,1,0
BRDA:56,3,0,0
BRDA:56,3,1,1
BRDA:56,4,0,1
BRDA:56,4,1,0
BRDA:58,5,0,1
BRDA:58,5,1,0
BRDA:70,6,0,1
BRDA:70,6,1,0
BRDA:70,7,0,1
BRDA:70,7,1,1
BRDA:78,8,0,0
BRDA:78,8,1,1
BRDA:82,9,0,1
BRDA:82,9,1,0
BRDA:99,10,0,1
BRDA:99,10,1,0
BRF:22
BRH:12
end_of_record
TN:
SF:/home/drew/sync/drawnepicenter/iloa/src/cmds/eol/info.js
FN:13,(anonymous_0)
FN:19,(anonymous_1)
FN:28,(anonymous_2)
FNF:3
FNH:3
FNDA:1,(anonymous_0)
FNDA:1,(anonymous_1)
FNDA:1,(anonymous_2)
DA:2,8
DA:3,8
DA:5,8
DA:6,8
DA:8,8
DA:10,8
DA:11,8
DA:12,8
DA:13,8
DA:14,1
DA:15,1
DA:16,1
DA:17,1
DA:18,1
DA:19,1
DA:20,1
DA:21,1
DA:22,1
DA:24,0
DA:27,1
DA:28,1
DA:29,1
DA:30,1
DA:31,1
DA:32,1
DA:33,22
DA:34,22
DA:35,22
DA:38,0
LF:29
LH:27
BRDA:17,0,0,1
BRDA:17,0,1,0
BRDA:20,1,0,1
BRDA:20,1,1,0
BRDA:20,2,0,1
BRDA:20,2,1,1
BRDA:22,3,0,1
BRDA:22,3,1,0
BRDA:29,4,0,1
BRDA:29,4,1,0
BRDA:29,5,0,1
BRDA:29,5,1,1
BRF:12
BRH:8
end_of_record
TN:
SF:/home/drew/sync/drawnepicenter/iloa/src/cmds/eol/meta.js
FN:51,(anonymous_0)
FN:75,(anonymous_1)
FNF:2
FNH:2
FNDA:1,(anonymous_0)
FNDA:1,(anonymous_1)
DA:2,8
DA:3,8
DA:5,8
DA:6,8
DA:7,8
DA:9,8
DA:11,8
DA:12,8
DA:13,8
DA:51,8
DA:52,1
DA:53,1
DA:54,1
DA:59,1
DA:60,1
DA:61,1
DA:62,1
DA:63,1
DA:64,1
DA:65,1
DA:66,1
DA:67,1
DA:68,1
DA:69,1
DA:70,1
DA:71,1
DA:75,1
DA:76,1
DA:77,1
DA:78,1
DA:79,1
DA:80,1
DA:81,1
DA:82,1
DA:83,1
DA:84,1
DA:85,1
DA:86,1
DA:87,1
DA:88,1
DA:89,9
DA:90,9
DA:91,9
DA:92,9
DA:93,9
DA:94,9
DA:95,9
DA:96,9
DA:97,9
DA:98,9
DA:99,9
DA:100,9
DA:101,9
DA:104,1
DA:105,1
DA:106,1
DA:107,1
DA:108,1
DA:109,1
DA:110,1
DA:111,1
DA:112,1
DA:113,1
DA:114,0
DA:115,0
DA:117,1
DA:118,1
DA:119,1
DA:120,1
DA:121,1
DA:122,1
DA:123,1
DA:124,1
DA:125,1
DA:126,1
DA:127,1
DA:128,1
DA:129,1
DA:130,1
DA:131,1
DA:132,1
DA:133,1
DA:135,1
DA:136,1
DA:138,1
DA:139,1
DA:140,1
DA:141,1
DA:142,1
DA:143,1
DA:144,1
DA:145,1
DA:146,1
DA:147,1
DA:148,1
DA:149,1
DA:150,1
DA:151,1
DA:152,1
DA:153,1
DA:154,1
DA:155,2
DA:156,2
DA:157,2
DA:158,2
DA:159,2
DA:160,2
DA:161,2
DA:165,1
DA:167,0
LF:110
LH:107
BRDA:59,0,0,1
BRDA:59,0,1,0
BRDA:60,1,0,0
BRDA:60,1,1,1
BRDA:60,2,0,1
BRDA:60,2,1,0
BRDA:61,3,0,0
BRDA:61,3,1,1
BRDA:61,4,0,1
BRDA:61,4,1,0
BRDA:63,5,0,1
BRDA:63,5,1,0
BRDA:76,6,0,1
BRDA:76,6,1,0
BRDA:76,7,0,1
BRDA:76,7,1,1
BRDA:85,8,0,1
BRDA:85,8,1,0
BRDA:104,9,0,1
BRDA:104,9,1,0
BRDA:113,10,0,0
BRDA:113,10,1,1
BRDA:126,11,0,1
BRDA:126,11,1,0
BRDA:126,12,0,1
BRDA:126,12,1,0
BRDA:126,12,2,0
BRDA:131,13,0,1
BRDA:131,13,1,0
BRDA:165,14,0,1
BRDA:165,14,1,0
BRF:31
BRH:16
end_of_record
TN:
SF:/home/drew/sync/drawnepicenter/iloa/src/cmds/eol/page.js
FN:155,(anonymous_0)
FN:219,(anonymous_1)
FN:246,(anonymous_2)
FNF:3
FNH:2
FNDA:1,(anonymous_0)
FNDA:1,(anonymous_1)
FNDA:0,(anonymous_2)
DA:2,8
DA:3,8
DA:5,8
DA:6,8
DA:7,8
DA:9,8
DA:11,8
DA:12,8
DA:13,8
DA:155,8
DA:156,1
DA:157,1
DA:158,1
DA:183,1
DA:184,1
DA:185,1
DA:186,1
DA:187,1
DA:188,1
DA:189,1
DA:190,1
DA:191,1
DA:192,1
DA:193,1
DA:194,1
DA:195,1
DA:196,1
DA:197,1
DA:198,1
DA:199,1
DA:200,1
DA:201,1
DA:202,1
DA:203,1
DA:204,1
DA:205,1
DA:206,1
DA:207,1
DA:208,1
DA:209,1
DA:210,1
DA:211,1
DA:212,1
DA:213,1
DA:214,1
DA:215,1
DA:219,1
DA:220,1
DA:221,1
DA:222,1
DA:223,1
DA:224,1
DA:225,1
DA:226,1
DA:227,0
DA:228,0
DA:229,0
DA:230,0
DA:231,0
DA:232,0
DA:233,0
DA:234,0
DA:236,0
DA:237,0
DA:242,1
DA:243,0
DA:244,0
DA:245,0
DA:246,0
DA:247,0
DA:248,0
DA:249,0
DA:252,1
DA:253,0
DA:254,0
DA:255,0
DA:256,0
DA:257,0
DA:258,0
DA:259,0
DA:260,0
DA:261,0
DA:262,0
DA:263,0
DA:267,1
DA:268,1
DA:269,1
DA:270,1
DA:271,9
DA:272,9
DA:273,9
DA:274,9
DA:275,9
DA:276,9
DA:277,9
DA:278,9
DA:279,9
DA:280,9
DA:281,9
DA:282,9
DA:283,9
DA:286,1
DA:287,1
DA:288,1
DA:289,1
DA:290,5
DA:291,5
DA:292,5
DA:293,5
DA:294,5
DA:295,5
DA:296,1
DA:297,1
DA:299,5
DA:300,5
DA:301,5
DA:302,5
DA:303,5
DA:304,1
DA:305,1
DA:307,5
DA:308,0
DA:309,0
DA:311,5
DA:312,5
DA:313,4
DA:314,0
DA:315,0
DA:317,4
DA:318,0
DA:319,0
DA:321,4
DA:322,0
DA:323,0
DA:325,4
DA:326,0
DA:327,0
DA:330,5
DA:331,0
DA:332,0
DA:334,5
DA:335,0
DA:336,0
DA:338,5
DA:339,0
DA:340,0
DA:342,5
DA:343,0
DA:344,0
DA:346,5
DA:347,0
DA:348,0
DA:350,5
DA:351,0
DA:352,0
DA:354,5
DA:355,0
DA:356,0
DA:358,5
DA:359,0
DA:360,0
DA:361,0
DA:362,0
DA:363,0
DA:364,0
DA:365,0
DA:366,0
DA:367,0
DA:368,0
DA:373,1
DA:375,0
LF:171
LH:108
BRDA:183,0,0,1
BRDA:183,0,1,0
BRDA:184,1,0,0
BRDA:184,1,1,1
BRDA:184,2,0,1
BRDA:184,2,1,0
BRDA:185,3,0,0
BRDA:185,3,1,1
BRDA:185,4,0,1
BRDA:185,4,1,0
BRDA:187,5,0,1
BRDA:187,5,1,0
BRDA:220,6,0,1
BRDA:220,6,1,0
BRDA:220,7,0,1
BRDA:220,7,1,1
BRDA:226,8,0,0
BRDA:226,8,1,1
BRDA:231,9,0,0
BRDA:231,9,1,0
BRDA:232,10,0,0
BRDA:232,10,1,0
BRDA:242,11,0,0
BRDA:242,11,1,1
BRDA:252,12,0,0
BRDA:252,12,1,1
BRDA:261,13,0,0
BRDA:261,13,1,0
BRDA:267,14,0,1
BRDA:267,14,1,0
BRDA:286,15,0,1
BRDA:286,15,1,0
BRDA:286,16,0,1
BRDA:286,16,1,1
BRDA:295,17,0,1
BRDA:295,17,1,4
BRDA:303,18,0,1
BRDA:303,18,1,4
BRDA:307,19,0,0
BRDA:307,19,1,5
BRDA:312,20,0,4
BRDA:312,20,1,1
BRDA:312,21,0,5
BRDA:312,21,1,3
BRDA:312,21,2,2
BRDA:313,22,0,0
BRDA:313,22,1,4
BRDA:317,23,0,0
BRDA:317,23,1,4
BRDA:321,24,0,0
BRDA:321,24,1,4
BRDA:325,25,0,0
BRDA:325,25,1,4
BRDA:330,26,0,0
BRDA:330,26,1,5
BRDA:334,27,0,0
BRDA:334,27,1,5
BRDA:338,28,0,0
BRDA:338,28,1,5
BRDA:342,29,0,0
BRDA:342,29,1,5
BRDA:346,30,0,0
BRDA:346,30,1,5
BRDA:350,31,0,0
BRDA:350,31,1,5
BRDA:354,32,0,0
BRDA:354,32,1,5
BRDA:358,33,0,0
BRDA:358,33,1,5
BRDA:358,34,0,5
BRDA:358,34,1,0
BRDA:373,35,0,1
BRDA:373,35,1,0
BRF:73
BRH:40
end_of_record
TN:
SF:/home/drew/sync/drawnepicenter/iloa/src/cmds/eol/sbp.js
FN:45,(anonymous_0)
FN:69,(anonymous_1)
FNF:2
FNH:2
FNDA:1,(anonymous_0)
FNDA:1,(anonymous_1)
DA:2,8
DA:3,8
DA:5,8
DA:6,8
DA:7,8
DA:9,8
DA:11,8
DA:12,8
DA:13,8
DA:45,8
DA:46,1
DA:47,1
DA:48,1
DA:52,1
DA:53,1
DA:54,1
DA:55,1
DA:56,1
DA:57,1
DA:58,1
DA:59,1
DA:60,1
DA:61,1
DA:62,1
DA:63,1
DA:64,1
DA:65,1
DA:69,1
DA:70,1
DA:71,1
DA:72,1
DA:73,1
DA:74,1
DA:75,1
DA:76,1
DA:77,1
DA:78,1
DA:80,0
LF:38
LH:37
BRDA:52,0,0,1
BRDA:52,0,1,0
BRDA:53,1,0,0
BRDA:53,1,1,1
BRDA:53,2,0,1
BRDA:53,2,1,0
BRDA:54,3,0,0
BRDA:54,3,1,1
BRDA:54,4,0,1
BRDA:54,4,1,0
BRDA:56,5,0,1
BRDA:56,5,1,0
BRDA:70,6,0,1
BRDA:70,6,1,0
BRDA:70,7,0,1
BRDA:70,7,1,1
BRDA:78,8,0,1
BRDA:78,8,1,0
BRF:18
BRH:10
end_of_record
TN:
SF:/home/drew/sync/drawnepicenter/iloa/src/cmds/eol/search.js
FN:69,(anonymous_0)
FN:100,(anonymous_1)
FNF:2
FNH:2
FNDA:1,(anonymous_0)
FNDA:1,(anonymous_1)
DA:2,8
DA:3,8
DA:5,8
DA:6,8
DA:7,8
DA:9,8
DA:11,8
DA:12,8
DA:13,8
DA:69,8
DA:70,1
DA:71,1
DA:72,1
DA:80,1
DA:81,1
DA:82,1
DA:83,1
DA:84,1
DA:85,1
DA:86,1
DA:87,1
DA:88,1
DA:89,1
DA:90,1
DA:91,1
DA:92,1
DA:93,1
DA:94,1
DA:95,1
DA:96,1
DA:100,1
DA:101,1
DA:102,1
DA:103,1
DA:104,1
DA:105,1
DA:106,1
DA:107,1
DA:108,30
DA:109,30
DA:110,30
DA:111,30
DA:112,30
DA:113,30
DA:114,30
DA:115,30
DA:116,30
DA:117,30
DA:119,1
DA:121,0
LF:50
LH:49
BRDA:80,0,0,1
BRDA:80,0,1,0
BRDA:81,1,0,0
BRDA:81,1,1,1
BRDA:81,2,0,1
BRDA:81,2,1,0
BRDA:82,3,0,0
BRDA:82,3,1,1
BRDA:82,4,0,1
BRDA:82,4,1,0
BRDA:84,5,0,1
BRDA:84,5,1,0
BRDA:101,6,0,1
BRDA:101,6,1,0
BRDA:101,7,0,1
BRDA:101,7,1,1
BRDA:119,8,0,1
BRDA:119,8,1,0
BRF:18
BRH:10
end_of_record
TN:
SF:/home/drew/sync/drawnepicenter/iloa/src/cmds/helpers/wa.js
FN:18,subPod
FN:45,handlePods
FN:81,(anonymous_2)
FN:98,(anonymous_3)
FN:116,(anonymous_4)
FNF:5
FNH:5
FNDA:5,subPod
FNDA:1,handlePods
FNDA:1,(anonymous_2)
FNDA:1,(anonymous_3)
FNDA:3,(anonymous_4)
DA:1,1
DA:2,1
DA:4,1
DA:5,1
DA:7,1
DA:8,1
DA:9,1
DA:19,5
DA:20,5
DA:21,5
DA:22,5
DA:23,5
DA:24,5
DA:25,5
DA:26,0
DA:27,0
DA:29,5
DA:30,5
DA:31,5
DA:32,5
DA:34,5
DA:46,1
DA:47,1
DA:48,5
DA:49,5
DA:50,5
DA:51,5
DA:52,5
DA:53,5
DA:54,5
DA:56,5
DA:57,5
DA:58,5
DA:60,5
DA:61,5
DA:62,5
DA:64,5
DA:65,5
DA:66,5
DA:68,5
DA:70,1
DA:81,1
DA:82,1
DA:83,1
DA:84,1
DA:86,0
DA:88,1
DA:98,1
DA:99,1
DA:100,1
DA:101,1
DA:102,1
DA:103,7
DA:104,7
DA:105,7
DA:106,7
DA:107,7
DA:108,1
DA:109,1
DA:110,1
DA:111,1
DA:112,1
DA:114,7
DA:115,1
DA:116,1
DA:117,3
DA:118,3
DA:121,7
DA:122,1
DA:123,1
DA:124,1
DA:125,1
DA:126,1
DA:128,7
DA:129,2
DA:130,2
DA:131,2
DA:133,7
DA:134,1
DA:135,1
DA:136,1
DA:137,1
DA:138,1
DA:140,7
DA:141,1
DA:142,1
DA:143,1
DA:144,1
DA:147,1
LF:89
LH:86
BRDA:25,0,0,0
BRDA:25,0,1,5
BRDA:52,1,0,5
BRDA:52,1,1,0
BRDA:56,2,0,5
BRDA:56,2,1,0
BRDA:60,3,0,5
BRDA:60,3,1,0
BRDA:64,4,0,5
BRDA:64,4,1,0
BRDA:83,5,0,1
BRDA:83,5,1,0
BRDA:107,6,0,1
BRDA:107,6,1,6
BRDA:114,7,0,1
BRDA:114,7,1,6
BRDA:121,8,0,1
BRDA:121,8,1,6
BRDA:128,9,0,2
BRDA:128,9,1,5
BRDA:133,10,0,1
BRDA:133,10,1,6
BRDA:140,11,0,1
BRDA:140,11,1,6
BRF:24
BRH:18
end_of_record
TN:
SF:/home/drew/sync/drawnepicenter/iloa/src/cmds/helpers/wu.js
FN:16,(anonymous_0)
FN:47,(anonymous_1)
FN:75,(anonymous_2)
FN:95,(anonymous_3)
FN:159,(anonymous_4)
FN:196,(anonymous_5)
FN:226,(anonymous_6)
FN:303,(anonymous_7)
FN:330,(anonymous_8)
FNF:9
FNH:9
FNDA:1,(anonymous_0)
FNDA:1,(anonymous_1)
FNDA:1,(anonymous_2)
FNDA:1,(anonymous_3)
FNDA:1,(anonymous_4)
FNDA:1,(anonymous_5)
FNDA:1,(anonymous_6)
FNDA:1,(anonymous_7)
FNDA:1,(anonymous_8)
DA:2,1
DA:4,1
DA:6,1
DA:7,1
DA:8,1
DA:16,1
DA:17,1
DA:18,1
DA:19,1
DA:20,1
DA:21,1
DA:22,0
DA:23,0
DA:24,0
DA:25,0
DA:26,0
DA:27,0
DA:28,0
DA:30,0
DA:31,0
DA:32,0
DA:33,0
DA:34,0
DA:35,0
DA:38,1
DA:47,1
DA:48,1
DA:49,1
DA:50,1
DA:51,1
DA:52,1
DA:53,1
DA:54,1
DA:55,1
DA:56,1
DA:57,1
DA:58,1
DA:59,1
DA:60,1
DA:61,1
DA:62,1
DA:63,1
DA:64,1
DA:65,1
DA:66,1
DA:75,1
DA:76,1
DA:77,1
DA:78,1
DA:79,1
DA:80,1
DA:81,1
DA:82,1
DA:83,1
DA:84,1
DA:85,1
DA:95,1
DA:96,1
DA:97,1
DA:98,1
DA:99,1
DA:100,1
DA:101,1
DA:102,1
DA:103,1
DA:104,1
DA:105,1
DA:106,1
DA:107,1
DA:108,1
DA:109,1
DA:110,1
DA:111,1
DA:112,1
DA:113,1
DA:114,1
DA:115,1
DA:116,1
DA:117,1
DA:118,1
DA:119,1
DA:120,1
DA:121,0
DA:122,0
DA:124,1
DA:125,1
DA:127,1
DA:128,1
DA:129,1
DA:131,1
DA:132,0
DA:133,0
DA:135,1
DA:136,1
DA:137,1
DA:138,1
DA:139,1
DA:140,1
DA:141,1
DA:142,1
DA:143,1
DA:144,1
DA:145,1
DA:146,1
DA:147,1
DA:148,1
DA:149,1
DA:150,1
DA:159,1
DA:160,1
DA:161,1
DA:162,1
DA:163,1
DA:164,1
DA:165,1
DA:166,8
DA:167,8
DA:168,0
DA:169,0
DA:171,8
DA:172,8
DA:175,1
DA:176,1
DA:177,1
DA:178,0
DA:179,0
DA:180,0
DA:181,0
DA:182,0
DA:183,0
DA:184,0
DA:185,0
DA:187,1
DA:196,1
DA:197,1
DA:198,1
DA:199,1
DA:200,1
DA:201,1
DA:202,1
DA:203,1
DA:204,4
DA:205,4
DA:206,4
DA:208,1
DA:209,1
DA:210,1
DA:211,1
DA:212,5
DA:213,5
DA:214,5
DA:215,5
DA:217,1
DA:226,1
DA:227,1
DA:228,1
DA:229,1
DA:230,1
DA:231,1
DA:232,36
DA:233,36
DA:234,36
DA:235,36
DA:236,36
DA:237,36
DA:238,36
DA:239,36
DA:240,36
DA:241,36
DA:242,36
DA:243,36
DA:244,36
DA:245,36
DA:246,36
DA:247,36
DA:248,0
DA:250,36
DA:251,0
DA:253,36
DA:254,0
DA:256,36
DA:257,36
DA:259,36
DA:260,11
DA:262,36
DA:263,0
DA:264,0
DA:278,36
DA:279,36
DA:294,1
DA:303,1
DA:304,1
DA:305,1
DA:306,1
DA:307,1
DA:308,1
DA:309,1
DA:310,1
DA:311,1
DA:312,31
DA:313,31
DA:314,15
DA:315,15
DA:316,15
DA:317,15
DA:318,15
DA:321,1
DA:330,1
DA:331,1
DA:332,1
DA:333,1
DA:334,1
DA:335,1
DA:336,1
DA:337,1
DA:338,6
DA:339,6
DA:340,6
DA:341,6
DA:342,6
DA:343,6
DA:344,6
DA:345,6
DA:346,4
DA:347,4
DA:349,6
DA:350,6
DA:353,1
LF:228
LH:196
BRDA:23,0,0,0
BRDA:23,0,1,0
BRDA:56,1,0,0
BRDA:56,1,1,1
BRDA:57,2,0,0
BRDA:57,2,1,1
BRDA:58,3,0,0
BRDA:58,3,1,1
BRDA:59,4,0,0
BRDA:59,4,1,1
BRDA:120,5,0,0
BRDA:120,5,1,1
BRDA:127,6,0,1
BRDA:127,6,1,0
BRDA:131,7,0,0
BRDA:131,7,1,1
BRDA:167,8,0,0
BRDA:167,8,1,8
BRDA:214,9,0,0
BRDA:214,9,1,5
BRDA:243,10,0,0
BRDA:243,10,1,36
BRDA:244,11,0,0
BRDA:244,11,1,36
BRDA:245,12,0,0
BRDA:245,12,1,36
BRDA:246,13,0,0
BRDA:246,13,1,36
BRDA:247,14,0,0
BRDA:247,14,1,36
BRDA:248,15,0,0
BRDA:248,15,1,0
BRDA:250,16,0,0
BRDA:250,16,1,36
BRDA:251,17,0,0
BRDA:251,17,1,0
BRDA:253,18,0,0
BRDA:253,18,1,36
BRDA:254,19,0,0
BRDA:254,19,1,0
BRDA:256,20,0,36
BRDA:256,20,1,0
BRDA:257,21,0,0
BRDA:257,21,1,36
BRDA:259,22,0,11
BRDA:259,22,1,25
BRDA:262,23,0,0
BRDA:262,23,1,36
BRDA:313,24,0,15
BRDA:313,24,1,16
BRDA:336,25,0,0
BRDA:336,25,1,1
BRDA:339,26,0,6
BRDA:339,26,1,0
BRDA:345,27,0,4
BRDA:345,27,1,2
BRDA:345,28,0,6
BRDA:345,28,1,4
BRF:58
BRH:29
end_of_record
